# JRE version: OpenJDK Runtime Environment Temurin-17.0.13+11 (17.0.13+11) (build 17.0.13+11)
# Java VM: OpenJDK 64-Bit Server VM Temurin-17.0.13+11 (17.0.13+11, mixed mode, tiered, compressed oops, compressed class ptrs, parallel gc, windows-amd64)
GC Precious Log:
 CPUs: 4 total, 4 available
 Memory: 8072M
 Large Page Support: Disabled
 NUMA Support: Disabled
 Compressed Oops: Enabled (32-bit)
 Alignments: Space 512K, Generation 512K, Heap 2M
 Heap Min Capacity: 100M
 Heap Initial Capacity: 100M
 Heap Max Capacity: 1G
 Pre-touch: Disabled
 Parallel Workers: 4
Heap:
 PSYoungGen      total 16384K, used 8930K [0x00000000eab00000, 0x00000000ebd00000, 0x0000000100000000)
  eden space 14848K, 49% used [0x00000000eab00000,0x00000000eb238b10,0x00000000eb980000)
  from space 1536K, 100% used [0x00000000eb980000,0x00000000ebb00000,0x00000000ebb00000)
  to   space 1024K, 0% used [0x00000000ebb00000,0x00000000ebb00000,0x00000000ebc00000)
 ParOldGen       total 107520K, used 79659K [0x00000000c0000000, 0x00000000c6900000, 0x00000000eab00000)
  object space 107520K, 74% used [0x00000000c0000000,0x00000000c4dcada8,0x00000000c6900000)
 Metaspace       used 73907K, committed 75200K, reserved 1179648K
  class space    used 7932K, committed 8448K, reserved 1048576K
GC Heap History (20 events):
Event: 113.161 GC heap before
{Heap before GC invocations=48 (full 3):
 PSYoungGen      total 16896K, used 16871K [0x00000000eab00000, 0x00000000ebe00000, 0x0000000100000000)
  eden space 16384K, 100% used [0x00000000eab00000,0x00000000ebb00000,0x00000000ebb00000)
  from space 512K, 95% used [0x00000000ebd80000,0x00000000ebdf9d10,0x00000000ebe00000)
  to   space 1536K, 0% used [0x00000000ebb00000,0x00000000ebb00000,0x00000000ebc80000)
 ParOldGen       total 68608K, used 58795K [0x00000000c0000000, 0x00000000c4300000, 0x00000000eab00000)
  object space 68608K, 85% used [0x00000000c0000000,0x00000000c396ae18,0x00000000c4300000)
 Metaspace       used 69961K, committed 71168K, reserved 1114112K
  class space    used 7512K, committed 8064K, reserved 1048576K
}
Event: 113.163 GC heap after
{Heap after GC invocations=48 (full 3):
 PSYoungGen      total 17920K, used 1486K [0x00000000eab00000, 0x00000000ebe00000, 0x0000000100000000)
  eden space 16384K, 0% used [0x00000000eab00000,0x00000000eab00000,0x00000000ebb00000)
  from space 1536K, 96% used [0x00000000ebb00000,0x00000000ebc73b90,0x00000000ebc80000)
  to   space 1536K, 0% used [0x00000000ebc80000,0x00000000ebc80000,0x00000000ebe00000)
 ParOldGen       total 68608K, used 59284K [0x00000000c0000000, 0x00000000c4300000, 0x00000000eab00000)
  object space 68608K, 86% used [0x00000000c0000000,0x00000000c39e5038,0x00000000c4300000)
 Metaspace       used 69961K, committed 71168K, reserved 1114112K
  class space    used 7512K, committed 8064K, reserved 1048576K
}
Event: 113.924 GC heap before
{Heap before GC invocations=49 (full 3):
 PSYoungGen      total 17920K, used 17870K [0x00000000eab00000, 0x00000000ebe00000, 0x0000000100000000)
  eden space 16384K, 100% used [0x00000000eab00000,0x00000000ebb00000,0x00000000ebb00000)
  from space 1536K, 96% used [0x00000000ebb00000,0x00000000ebc73b90,0x00000000ebc80000)
  to   space 1536K, 0% used [0x00000000ebc80000,0x00000000ebc80000,0x00000000ebe00000)
 ParOldGen       total 68608K, used 59284K [0x00000000c0000000, 0x00000000c4300000, 0x00000000eab00000)
  object space 68608K, 86% used [0x00000000c0000000,0x00000000c39e5038,0x00000000c4300000)
 Metaspace       used 70123K, committed 71360K, reserved 1114112K
  class space    used 7532K, committed 8064K, reserved 1048576K
}
Event: 113.932 GC heap after
{Heap after GC invocations=49 (full 3):
 PSYoungGen      total 17920K, used 1281K [0x00000000eab00000, 0x00000000ebe00000, 0x0000000100000000)
  eden space 16384K, 0% used [0x00000000eab00000,0x00000000eab00000,0x00000000ebb00000)
  from space 1536K, 83% used [0x00000000ebc80000,0x00000000ebdc0670,0x00000000ebe00000)
  to   space 1536K, 0% used [0x00000000ebb00000,0x00000000ebb00000,0x00000000ebc80000)
 ParOldGen       total 68608K, used 60683K [0x00000000c0000000, 0x00000000c4300000, 0x00000000eab00000)
  object space 68608K, 88% used [0x00000000c0000000,0x00000000c3b42d70,0x00000000c4300000)
 Metaspace       used 70123K, committed 71360K, reserved 1114112K
  class space    used 7532K, committed 8064K, reserved 1048576K
}
Event: 114.493 GC heap before
{Heap before GC invocations=50 (full 3):
 PSYoungGen      total 17920K, used 17633K [0x00000000eab00000, 0x00000000ebe00000, 0x0000000100000000)
  eden space 16384K, 99% used [0x00000000eab00000,0x00000000ebaf7f98,0x00000000ebb00000)
  from space 1536K, 83% used [0x00000000ebc80000,0x00000000ebdc0670,0x00000000ebe00000)
  to   space 1536K, 0% used [0x00000000ebb00000,0x00000000ebb00000,0x00000000ebc80000)
 ParOldGen       total 68608K, used 60683K [0x00000000c0000000, 0x00000000c4300000, 0x00000000eab00000)
  object space 68608K, 88% used [0x00000000c0000000,0x00000000c3b42d70,0x00000000c4300000)
 Metaspace       used 70407K, committed 71680K, reserved 1114112K
  class space    used 7571K, committed 8128K, reserved 1048576K
}
Event: 114.498 GC heap after
{Heap after GC invocations=50 (full 3):
 PSYoungGen      total 16896K, used 501K [0x00000000eab00000, 0x00000000ebd00000, 0x0000000100000000)
  eden space 16384K, 0% used [0x00000000eab00000,0x00000000eab00000,0x00000000ebb00000)
  from space 512K, 97% used [0x00000000ebb00000,0x00000000ebb7d4a8,0x00000000ebb80000)
  to   space 1024K, 0% used [0x00000000ebc00000,0x00000000ebc00000,0x00000000ebd00000)
 ParOldGen       total 68608K, used 61840K [0x00000000c0000000, 0x00000000c4300000, 0x00000000eab00000)
  object space 68608K, 90% used [0x00000000c0000000,0x00000000c3c64280,0x00000000c4300000)
 Metaspace       used 70407K, committed 71680K, reserved 1114112K
  class space    used 7571K, committed 8128K, reserved 1048576K
}
Event: 114.945 GC heap before
{Heap before GC invocations=51 (full 3):
 PSYoungGen      total 16896K, used 16885K [0x00000000eab00000, 0x00000000ebd00000, 0x0000000100000000)
  eden space 16384K, 100% used [0x00000000eab00000,0x00000000ebb00000,0x00000000ebb00000)
  from space 512K, 97% used [0x00000000ebb00000,0x00000000ebb7d4a8,0x00000000ebb80000)
  to   space 1024K, 0% used [0x00000000ebc00000,0x00000000ebc00000,0x00000000ebd00000)
 ParOldGen       total 68608K, used 61840K [0x00000000c0000000, 0x00000000c4300000, 0x00000000eab00000)
  object space 68608K, 90% used [0x00000000c0000000,0x00000000c3c64280,0x00000000c4300000)
 Metaspace       used 70787K, committed 72128K, reserved 1114112K
  class space    used 7617K, committed 8192K, reserved 1048576K
}
Event: 114.950 GC heap after
{Heap after GC invocations=51 (full 3):
 PSYoungGen      total 16384K, used 1013K [0x00000000eab00000, 0x00000000ebf00000, 0x0000000100000000)
  eden space 15360K, 0% used [0x00000000eab00000,0x00000000eab00000,0x00000000eba00000)
  from space 1024K, 98% used [0x00000000ebc00000,0x00000000ebcfd4d8,0x00000000ebd00000)
  to   space 2048K, 0% used [0x00000000eba00000,0x00000000eba00000,0x00000000ebc00000)
 ParOldGen       total 68608K, used 62542K [0x00000000c0000000, 0x00000000c4300000, 0x00000000eab00000)
  object space 68608K, 91% used [0x00000000c0000000,0x00000000c3d13bb8,0x00000000c4300000)
 Metaspace       used 70787K, committed 72128K, reserved 1114112K
  class space    used 7617K, committed 8192K, reserved 1048576K
}
Event: 116.439 GC heap before
{Heap before GC invocations=52 (full 3):
 PSYoungGen      total 16384K, used 16372K [0x00000000eab00000, 0x00000000ebf00000, 0x0000000100000000)
  eden space 15360K, 99% used [0x00000000eab00000,0x00000000eb9ffdd0,0x00000000eba00000)
  from space 1024K, 98% used [0x00000000ebc00000,0x00000000ebcfd4d8,0x00000000ebd00000)
  to   space 2048K, 0% used [0x00000000eba00000,0x00000000eba00000,0x00000000ebc00000)
 ParOldGen       total 68608K, used 62542K [0x00000000c0000000, 0x00000000c4300000, 0x00000000eab00000)
  object space 68608K, 91% used [0x00000000c0000000,0x00000000c3d13bb8,0x00000000c4300000)
 Metaspace       used 71941K, committed 73280K, reserved 1114112K
  class space    used 7761K, committed 8320K, reserved 1048576K
}
Event: 116.448 GC heap after
{Heap after GC invocations=52 (full 3):
 PSYoungGen      total 16384K, used 716K [0x00000000eab00000, 0x00000000ebd00000, 0x0000000100000000)
  eden space 15360K, 0% used [0x00000000eab00000,0x00000000eab00000,0x00000000eba00000)
  from space 1024K, 69% used [0x00000000eba00000,0x00000000ebab30d0,0x00000000ebb00000)
  to   space 1536K, 0% used [0x00000000ebb80000,0x00000000ebb80000,0x00000000ebd00000)
 ParOldGen       total 68608K, used 63409K [0x00000000c0000000, 0x00000000c4300000, 0x00000000eab00000)
  object space 68608K, 92% used [0x00000000c0000000,0x00000000c3dec7d0,0x00000000c4300000)
 Metaspace       used 71941K, committed 73280K, reserved 1114112K
  class space    used 7761K, committed 8320K, reserved 1048576K
}
Event: 117.474 GC heap before
{Heap before GC invocations=53 (full 3):
 PSYoungGen      total 16384K, used 16076K [0x00000000eab00000, 0x00000000ebd00000, 0x0000000100000000)
  eden space 15360K, 100% used [0x00000000eab00000,0x00000000eba00000,0x00000000eba00000)
  from space 1024K, 69% used [0x00000000eba00000,0x00000000ebab30d0,0x00000000ebb00000)
  to   space 1536K, 0% used [0x00000000ebb80000,0x00000000ebb80000,0x00000000ebd00000)
 ParOldGen       total 68608K, used 63409K [0x00000000c0000000, 0x00000000c4300000, 0x00000000eab00000)
  object space 68608K, 92% used [0x00000000c0000000,0x00000000c3dec7d0,0x00000000c4300000)
 Metaspace       used 73518K, committed 74816K, reserved 1179648K
  class space    used 7908K, committed 8448K, reserved 1048576K
}
Event: 117.479 GC heap after
{Heap after GC invocations=53 (full 3):
 PSYoungGen      total 16384K, used 864K [0x00000000eab00000, 0x00000000ebc80000, 0x0000000100000000)
  eden space 15360K, 0% used [0x00000000eab00000,0x00000000eab00000,0x00000000eba00000)
  from space 1024K, 84% used [0x00000000ebb80000,0x00000000ebc58020,0x00000000ebc80000)
  to   space 1024K, 0% used [0x00000000eba00000,0x00000000eba00000,0x00000000ebb00000)
 ParOldGen       total 68608K, used 63991K [0x00000000c0000000, 0x00000000c4300000, 0x00000000eab00000)
  object space 68608K, 93% used [0x00000000c0000000,0x00000000c3e7dfc8,0x00000000c4300000)
 Metaspace       used 73518K, committed 74816K, reserved 1179648K
  class space    used 7908K, committed 8448K, reserved 1048576K
}
Event: 117.634 GC heap before
{Heap before GC invocations=54 (full 3):
 PSYoungGen      total 16384K, used 16224K [0x00000000eab00000, 0x00000000ebc80000, 0x0000000100000000)
  eden space 15360K, 100% used [0x00000000eab00000,0x00000000eba00000,0x00000000eba00000)
  from space 1024K, 84% used [0x00000000ebb80000,0x00000000ebc58020,0x00000000ebc80000)
  to   space 1024K, 0% used [0x00000000eba00000,0x00000000eba00000,0x00000000ebb00000)
 ParOldGen       total 68608K, used 63993K [0x00000000c0000000, 0x00000000c4300000, 0x00000000eab00000)
  object space 68608K, 93% used [0x00000000c0000000,0x00000000c3e7e410,0x00000000c4300000)
 Metaspace       used 73719K, committed 75008K, reserved 1179648K
  class space    used 7926K, committed 8448K, reserved 1048576K
}
Event: 117.645 GC heap after
{Heap after GC invocations=54 (full 3):
 PSYoungGen      total 16384K, used 352K [0x00000000eab00000, 0x00000000ebc00000, 0x0000000100000000)
  eden space 15360K, 0% used [0x00000000eab00000,0x00000000eab00000,0x00000000eba00000)
  from space 1024K, 34% used [0x00000000eba00000,0x00000000eba58010,0x00000000ebb00000)
  to   space 1024K, 0% used [0x00000000ebb00000,0x00000000ebb00000,0x00000000ebc00000)
 ParOldGen       total 70144K, used 69660K [0x00000000c0000000, 0x00000000c4480000, 0x00000000eab00000)
  object space 70144K, 99% used [0x00000000c0000000,0x00000000c4407008,0x00000000c4480000)
 Metaspace       used 73719K, committed 75008K, reserved 1179648K
  class space    used 7926K, committed 8448K, reserved 1048576K
}
Event: 117.753 GC heap before
{Heap before GC invocations=55 (full 4):
 PSYoungGen      total 16384K, used 15712K [0x00000000eab00000, 0x00000000ebc00000, 0x0000000100000000)
  eden space 15360K, 100% used [0x00000000eab00000,0x00000000eba00000,0x00000000eba00000)
  from space 1024K, 34% used [0x00000000eba00000,0x00000000eba58010,0x00000000ebb00000)
  to   space 1024K, 0% used [0x00000000ebb00000,0x00000000ebb00000,0x00000000ebc00000)
 ParOldGen       total 77824K, used 77321K [0x00000000c0000000, 0x00000000c4c00000, 0x00000000eab00000)
  object space 77824K, 99% used [0x00000000c0000000,0x00000000c4b82618,0x00000000c4c00000)
 Metaspace       used 73750K, committed 75008K, reserved 1179648K
  class space    used 7930K, committed 8448K, reserved 1048576K
}
Event: 117.960 GC heap after
{Heap after GC invocations=55 (full 4):
 PSYoungGen      total 16384K, used 0K [0x00000000eab00000, 0x00000000ebc00000, 0x0000000100000000)
  eden space 15360K, 0% used [0x00000000eab00000,0x00000000eab00000,0x00000000eba00000)
  from space 1024K, 0% used [0x00000000ebb00000,0x00000000ebb00000,0x00000000ebc00000)
  to   space 1024K, 0% used [0x00000000eba00000,0x00000000eba00000,0x00000000ebb00000)
 ParOldGen       total 93696K, used 61740K [0x00000000c0000000, 0x00000000c5b80000, 0x00000000eab00000)
  object space 93696K, 65% used [0x00000000c0000000,0x00000000c3c4b098,0x00000000c5b80000)
 Metaspace       used 73746K, committed 75008K, reserved 1179648K
  class space    used 7929K, committed 8448K, reserved 1048576K
}
Event: 118.208 GC heap before
{Heap before GC invocations=56 (full 5):
 PSYoungGen      total 16384K, used 15360K [0x00000000eab00000, 0x00000000ebc00000, 0x0000000100000000)
  eden space 15360K, 100% used [0x00000000eab00000,0x00000000eba00000,0x00000000eba00000)
  from space 1024K, 0% used [0x00000000ebb00000,0x00000000ebb00000,0x00000000ebc00000)
  to   space 1024K, 0% used [0x00000000eba00000,0x00000000eba00000,0x00000000ebb00000)
 ParOldGen       total 104960K, used 99078K [0x00000000c0000000, 0x00000000c6680000, 0x00000000eab00000)
  object space 104960K, 94% used [0x00000000c0000000,0x00000000c60c1be8,0x00000000c6680000)
 Metaspace       used 73865K, committed 75136K, reserved 1179648K
  class space    used 7931K, committed 8448K, reserved 1048576K
}
Event: 118.311 GC heap after
{Heap after GC invocations=56 (full 5):
 PSYoungGen      total 16384K, used 0K [0x00000000eab00000, 0x00000000ebc00000, 0x0000000100000000)
  eden space 15360K, 0% used [0x00000000eab00000,0x00000000eab00000,0x00000000eba00000)
  from space 1024K, 0% used [0x00000000eba00000,0x00000000eba00000,0x00000000ebb00000)
  to   space 1024K, 0% used [0x00000000ebb00000,0x00000000ebb00000,0x00000000ebc00000)
 ParOldGen       total 107520K, used 76215K [0x00000000c0000000, 0x00000000c6900000, 0x00000000eab00000)
  object space 107520K, 70% used [0x00000000c0000000,0x00000000c4a6dcd8,0x00000000c6900000)
 Metaspace       used 73865K, committed 75136K, reserved 1179648K
  class space    used 7931K, committed 8448K, reserved 1048576K
}
Event: 118.451 GC heap before
{Heap before GC invocations=57 (full 5):
 PSYoungGen      total 16384K, used 15360K [0x00000000eab00000, 0x00000000ebc00000, 0x0000000100000000)
  eden space 15360K, 100% used [0x00000000eab00000,0x00000000eba00000,0x00000000eba00000)
  from space 1024K, 0% used [0x00000000eba00000,0x00000000eba00000,0x00000000ebb00000)
  to   space 1024K, 0% used [0x00000000ebb00000,0x00000000ebb00000,0x00000000ebc00000)
 ParOldGen       total 107520K, used 76215K [0x00000000c0000000, 0x00000000c6900000, 0x00000000eab00000)
  object space 107520K, 70% used [0x00000000c0000000,0x00000000c4a6dcd8,0x00000000c6900000)
 Metaspace       used 73884K, committed 75136K, reserved 1179648K
  class space    used 7932K, committed 8448K, reserved 1048576K
}
Event: 118.454 GC heap after
{Heap after GC invocations=57 (full 5):
 PSYoungGen      total 15872K, used 1015K [0x00000000eab00000, 0x00000000ebd00000, 0x0000000100000000)
  eden space 14848K, 0% used [0x00000000eab00000,0x00000000eab00000,0x00000000eb980000)
  from space 1024K, 99% used [0x00000000ebb00000,0x00000000ebbfdc20,0x00000000ebc00000)
  to   space 1536K, 0% used [0x00000000eb980000,0x00000000eb980000,0x00000000ebb00000)
 ParOldGen       total 107520K, used 76527K [0x00000000c0000000, 0x00000000c6900000, 0x00000000eab00000)
  object space 107520K, 71% used [0x00000000c0000000,0x00000000c4abbcd8,0x00000000c6900000)
 Metaspace       used 73884K, committed 75136K, reserved 1179648K
  class space    used 7932K, committed 8448K, reserved 1048576K
}

